Build started 12-5-2016 16:21:11.
     1>Project "C:\Users\wnguyen\Downloads\TP2Win\Exercise 3 (Introduction GLUT)\TP2\TP2.vcxproj" on node 2 (Build target(s)).
     1>ClCompile:
         C:\Program Files (x86)\Microsoft Visual Studio 12.0\VC\bin\CL.exe /c /I"C:\Users\wnguyen\Downloads\TP2Win\Exercise 3 (Introduction GLUT)\TP2\include\\" /ZI /nologo /W3 /WX- /sdl /Od /Oy- /D _MBCS /Gm /EHsc /RTC1 /MDd /GS /fp:precise /Zc:wchar_t /Zc:forScope /Fo"Debug\\" /Fd"Debug\vc120.pdb" /Gd /TP /analyze- /errorReport:prompt main.cpp
         main.cpp
     1>c:\users\wnguyen\downloads\tp2win\exercise 3 (introduction glut)\tp2\trackball.h(14): warning C4305: 'initializing' : truncation from 'double' to 'const float'
     1>c:\users\wnguyen\downloads\tp2win\exercise 3 (introduction glut)\tp2\trackball.h(118): warning C4244: 'argument' : conversion from 'double' to 'GLfloat', possible loss of data
     1>c:\users\wnguyen\downloads\tp2win\exercise 3 (introduction glut)\tp2\trackball.h(141): warning C4244: 'argument' : conversion from 'double' to 'GLfloat', possible loss of data
     1>c:\users\wnguyen\downloads\tp2win\exercise 3 (introduction glut)\tp2\trackball.h(173): warning C4244: 'argument' : conversion from 'double' to 'GLfloat', possible loss of data
     1>c:\users\wnguyen\downloads\tp2win\exercise 3 (introduction glut)\tp2\main.cpp(206): warning C4018: '<' : signed/unsigned mismatch
     1>c:\users\wnguyen\downloads\tp2win\exercise 3 (introduction glut)\tp2\main.cpp(216): warning C4018: '<' : signed/unsigned mismatch
     1>c:\users\wnguyen\downloads\tp2win\exercise 3 (introduction glut)\tp2\main.cpp(227): warning C4305: 'argument' : truncation from 'double' to 'GLfloat'
     1>c:\users\wnguyen\downloads\tp2win\exercise 3 (introduction glut)\tp2\main.cpp(339): warning C4305: '-=' : truncation from 'double' to 'float'
     1>c:\users\wnguyen\downloads\tp2win\exercise 3 (introduction glut)\tp2\main.cpp(344): warning C4305: '+=' : truncation from 'double' to 'float'
     1>c:\users\wnguyen\downloads\tp2win\exercise 3 (introduction glut)\tp2\main.cpp(349): warning C4305: '-=' : truncation from 'double' to 'float'
     1>c:\users\wnguyen\downloads\tp2win\exercise 3 (introduction glut)\tp2\main.cpp(354): warning C4305: '+=' : truncation from 'double' to 'float'
     1>c:\users\wnguyen\downloads\tp2win\exercise 3 (introduction glut)\tp2\main.cpp(359): warning C4305: '-=' : truncation from 'double' to 'float'
     1>c:\users\wnguyen\downloads\tp2win\exercise 3 (introduction glut)\tp2\main.cpp(364): warning C4305: '+=' : truncation from 'double' to 'float'
       Link:
         C:\Program Files (x86)\Microsoft Visual Studio 12.0\VC\bin\link.exe /ERRORREPORT:PROMPT /OUT:"C:\Users\wnguyen\Downloads\TP2Win\Exercise 3 (Introduction GLUT)\TP2\Debug\TP2.exe" /INCREMENTAL /NOLOGO freeglut.lib glew32.lib kernel32.lib user32.lib gdi32.lib winspool.lib comdlg32.lib advapi32.lib shell32.lib ole32.lib oleaut32.lib uuid.lib odbc32.lib odbccp32.lib /MANIFEST /MANIFESTUAC:"level='asInvoker' uiAccess='false'" /manifest:embed /DEBUG /PDB:"C:\Users\wnguyen\Downloads\TP2Win\Exercise 3 (Introduction GLUT)\TP2\Debug\TP2.pdb" /TLBID:1 /DYNAMICBASE /NXCOMPAT /IMPLIB:"C:\Users\wnguyen\Downloads\TP2Win\Exercise 3 (Introduction GLUT)\TP2\Debug\TP2.lib" /MACHINE:X86 Debug\mesh.obj
         Debug\main.obj
         TP2.vcxproj -> C:\Users\wnguyen\Downloads\TP2Win\Exercise 3 (Introduction GLUT)\TP2\Debug\TP2.exe
     1>Done Building Project "C:\Users\wnguyen\Downloads\TP2Win\Exercise 3 (Introduction GLUT)\TP2\TP2.vcxproj" (Build target(s)).

Build succeeded.

Time Elapsed 00:00:03.23
